 * Running on http://0.0.0.0:5000/ (Press CTRL+C to quit)
Request-form ['name']
Request-form-name upload_test
Request-files: ImmutableMultiDict([('upload', <FileStorage: 'MI_25052018_1628_02.jpg' ('image/*')>)])
Requestfiletype: <class 'werkzeug.datastructures.ImmutableMultiDict'>
File name: MI_25052018_1628_02.jpg
File saved with name: MI_25052018_1628_02.jpg
106.209.164.99 - - [25/May/2018 10:58:05] "POST / HTTP/1.1" 200 -
Request-form ['name']
Request-form-name upload_test
Request-files: ImmutableMultiDict([('upload', <FileStorage: 'MI_25052018_1714_20.jpg' ('image/*')>)])
Requestfiletype: <class 'werkzeug.datastructures.ImmutableMultiDict'>
File name: MI_25052018_1714_20.jpg
File saved with name: MI_25052018_1714_20.jpg
106.209.164.99 - - [25/May/2018 11:44:28] "POST / HTTP/1.1" 200 -
Request-form ['name']
Request-form-name upload_test
Request-files: ImmutableMultiDict([('upload', <FileStorage: 'MI_25052018_1714_20.jpg' ('image/*')>)])
Requestfiletype: <class 'werkzeug.datastructures.ImmutableMultiDict'>
File name: MI_25052018_1714_20.jpg
File saved with name: MI_25052018_1714_20.jpg
106.209.164.99 - - [25/May/2018 11:46:10] "POST / HTTP/1.1" 200 -
Request-form ['name']
Request-form-name upload_test
Request-files: ImmutableMultiDict([('upload', <FileStorage: 'MI_25052018_1717_21.jpg' ('image/*')>)])
Requestfiletype: <class 'werkzeug.datastructures.ImmutableMultiDict'>
File name: MI_25052018_1717_21.jpg
File saved with name: MI_25052018_1717_21.jpg
106.209.164.99 - - [25/May/2018 11:47:25] "POST / HTTP/1.1" 200 -
